<?xml version="1.0" encoding="UTF-8"?>
<testsuite xmlns:xsi="http://www.w3.org/2001/XMLSchema-instance" xsi:noNamespaceSchemaLocation="https://maven.apache.org/surefire/maven-surefire-plugin/xsd/surefire-test-report.xsd" name="PostmanApp.PostmanTest" time="2.895" tests="2" errors="0" skipped="0" failures="0">
  <properties>
[...]
</properties>
  <testcase name="testAll[1][1]" classname="PostmanApp.PostmanTest" time="1.865"/>
  <testcase name="testAll[2][1]" classname="PostmanApp.PostmanTest" time="0.589"/>
</testsuite>