<?xml version="1.0" encoding="UTF-8"?>
<testsuite xmlns:xsi="http://www.w3.org/2001/XMLSchema-instance" xsi:noNamespaceSchemaLocation="https://maven.apache.org/surefire/maven-surefire-plugin/xsd/surefire-test-report.xsd" name="PostmanApp.PostmanTest" time="3.476" tests="1" errors="0" skipped="0" failures="1">
  <properties>
[...]
</properties>
  <testcase name="testAll[1][1]" classname="PostmanApp.PostmanTest" time="2.935">
    <failure message="status code was: 401, expected: 200, response time in milliseconds: 1407, url: https://gorest.co.in/public/v2/users, response: &#10;{&quot;message&quot;:&quot;Authentication failed&quot;}&#10;classpath:PostmanApp/features/createUser.feature:13" type="org.opentest4j.AssertionFailedError">org.opentest4j.AssertionFailedError: 
status code was: 401, expected: 200, response time in milliseconds: 1407, url: https://gorest.co.in/public/v2/users, response: 
{"message":"Authentication failed"}
classpath:PostmanApp/features/createUser.feature:13
</failure>
    <system-out><![CDATA[15:31:27.555 [main] DEBUG com.intuit.karate.Suite - [config] classpath:karate-config.js
15:31:28.139 [main] INFO  com.intuit.karate - karate.env system property was: null 
15:31:28.603 [main] DEBUG com.intuit.karate - request:
1 > POST https://gorest.co.in/public/v2/users
1 > Content-Type: application/json; charset=UTF-8
1 > Content-Length: 94
1 > Host: gorest.co.in
1 > Connection: Keep-Alive
1 > User-Agent: Apache-HttpClient/4.5.13 (Java/11.0.13)
1 > Accept-Encoding: gzip,deflate
{"name":"Tenali Ramakrishna David","gender":"male","email":"david@15ce.com","status":"active"}

15:31:30.011 [main] DEBUG com.intuit.karate - response time in milliseconds: 1407
1 < 401
1 < Server: nginx
1 < Date: Fri, 01 Apr 2022 20:31:34 GMT
1 < Content-Type: application/json; charset=utf-8
1 < Transfer-Encoding: chunked
1 < Connection: keep-alive
1 < X-Frame-Options: SAMEORIGIN
1 < X-XSS-Protection: 0
1 < X-Content-Type-Options: nosniff
1 < X-Download-Options: noopen
1 < X-Permitted-Cross-Domain-Policies: none
1 < Referrer-Policy: strict-origin-when-cross-origin
1 < Cache-Control: no-cache
1 < X-Request-Id: 8a31b792-8f18-4269-8fe4-b89cf7cce073
1 < X-Runtime: 0.002254
1 < Strict-Transport-Security: max-age=63072000; includeSubDomains
1 < Vary: Origin
{"message":"Authentication failed"}

15:31:30.014 [main] ERROR com.intuit.karate - classpath:PostmanApp/features/createUser.feature:13
Then status 200
status code was: 401, expected: 200, response time in milliseconds: 1407, url: https://gorest.co.in/public/v2/users, response: 
{"message":"Authentication failed"}
classpath:PostmanApp/features/createUser.feature:13
---------------------------------------------------------
feature: classpath:PostmanApp/features/createUser.feature
scenarios:  1 | passed:  0 | failed:  1 | time: 1,8503
---------------------------------------------------------

Karate version: 1.2.0.RC4
======================================================
elapsed:   3,06 | threads:    1 | thread time: 1,85 
features:     1 | skipped:    0 | efficiency: 0,61
scenarios:    1 | passed:     0 | failed: 1
======================================================
>>> failed features:
status code was: 401, expected: 200, response time in milliseconds: 1407, url: https://gorest.co.in/public/v2/users, response: 
{"message":"Authentication failed"}
classpath:PostmanApp/features/createUser.feature:13
<<<

HTML report: (paste into browser to view) | Karate version: 1.2.0.RC4
file:///C:/tallerKarate/Example02/KaratePerficient/target/karate-reports/karate-summary.html
===================================================================

]]></system-out>
  </testcase>
</testsuite>